Jun-05 18:00:16.309 [main] DEBUG nextflow.cli.Launcher - $> ./nextflow -log .nextflow.noError.log run email-noError.nf
Jun-05 18:00:16.433 [main] INFO  nextflow.cli.CmdRun - N E X T F L O W  ~  version 0.29.0
Jun-05 18:00:16.451 [main] INFO  nextflow.cli.CmdRun - Launching `email-noError.nf` [extravagant_joliot] - revision: 4bf004b6ae
Jun-05 18:00:16.550 [main] DEBUG nextflow.Session - Session uuid: 09cc3d41-1cb1-4ff6-b0b5-a1508eae8e9b
Jun-05 18:00:16.550 [main] DEBUG nextflow.Session - Run name: extravagant_joliot
Jun-05 18:00:16.553 [main] DEBUG nextflow.Session - Executor pool size: 32
Jun-05 18:00:16.842 [main] DEBUG nextflow.cli.CmdRun - 
  Version: 0.29.0 build 4803
  Modified: 24-04-2018 08:09 UTC (04:09 EDT)
  System: Linux 2.6.32-642.11.1.el6.x86_64
  Runtime: Groovy 2.4.15 on OpenJDK 64-Bit Server VM 1.8.0_171-b10
  Encoding: UTF-8 (ANSI_X3.4-1968)
  Process: 11322@phoenix2 [192.168.10.3]
  CPUs: 32 - Mem: 126 GB (1.9 GB) - Swap: 244.1 GB (226.2 GB)
Jun-05 18:00:17.052 [main] DEBUG nextflow.Session - Work-dir: /ifs/data/molecpathlab/development/demux-nf-demo2/test/work [nfs]
Jun-05 18:00:17.052 [main] DEBUG nextflow.Session - Script base path does not exist or is not a directory: /ifs/data/molecpathlab/development/demux-nf-demo2/test/bin
Jun-05 18:00:17.850 [main] DEBUG nextflow.Session - Session start invoked
Jun-05 18:00:17.860 [main] DEBUG nextflow.processor.TaskDispatcher - Dispatcher > start
Jun-05 18:00:17.861 [main] DEBUG nextflow.script.ScriptRunner - > Script parsing
Jun-05 18:00:19.511 [main] DEBUG nextflow.script.ScriptRunner - > Launching execution
Jun-05 18:00:21.841 [main] DEBUG nextflow.script.ScriptRunner - > Await termination 
Jun-05 18:00:21.841 [main] DEBUG nextflow.Session - Session await
Jun-05 18:00:21.841 [main] DEBUG nextflow.Session - Session await > all process finished
Jun-05 18:00:21.841 [main] DEBUG nextflow.Session - Session await > all barriers passed
Jun-05 18:00:21.857 [main] DEBUG nextflow.trace.StatsObserver - Workflow completed > WorkflowStats[succeedCount=0; failedCount=0; ignoredCount=0; cachedCount=0; succeedDuration=0ms; failedDuration=0ms; cachedDuration=0ms]
Jun-05 18:00:21.887 [main] DEBUG nextflow.CacheDB - Closing CacheDB done
Jun-05 18:00:21.957 [main] DEBUG nextflow.script.ScriptRunner - > Execution complete -- Goodbye
